<?xml version="1.0" encoding="UTF-8"?>
<!-- Generated by org.testng.reporters.JUnitXMLReporter -->
<testsuite ignored="0" hostname="LTIN514785" failures="0" tests="10" name="EdgeTest" time="38.053" errors="0" timestamp="2024-10-29T17:39:15 IST">
  <testcase classname="TestCase.TS001_CarLoanTest" name="carLoan" time="2.491"/>
  <testcase classname="TestCase.TS002_HomeLoanTest" name="homeloan" time="5.138"/>
  <testcase classname="TestCase.TS003_UiValidation" name="calcLoan" time="0.0">
    <skipped/>
  </testcase> <!-- calcLoan -->
  <testcase classname="TestCase.TS003_UiValidation" name="emiBtn" time="0.0">
    <skipped/>
  </testcase> <!-- emiBtn -->
  <testcase classname="TestCase.TS003_UiValidation" name="amtLoan" time="0.0">
    <skipped/>
  </testcase> <!-- amtLoan -->
  <testcase classname="TestCase.TS003_UiValidation" name="rInterest" time="0.0">
    <skipped/>
  </testcase> <!-- rInterest -->
  <testcase classname="TestCase.TS003_UiValidation" name="yearLoanTenure" time="0.0">
    <skipped/>
  </testcase> <!-- yearLoanTenure -->
  <testcase classname="TestCase.TS003_UiValidation" name="monthLoanTenure" time="0.0">
    <skipped/>
  </testcase> <!-- monthLoanTenure -->
  <testcase classname="TestCase.TS003_UiValidation" name="amountLoan" time="0.0">
    <skipped/>
  </testcase> <!-- amountLoan -->
  <testcase classname="TestCase.TS003_UiValidation" name="tenureLoan" time="0.0">
    <skipped/>
  </testcase> <!-- tenureLoan -->
</testsuite> <!-- EdgeTest -->
