<?xml version="1.0" encoding="UTF-8"?>
<!-- Generated by org.testng.reporters.JUnitXMLReporter -->
<testsuite ignored="0" hostname="LTIN514785" failures="0" tests="9" name="ChromeTest" time="71.802" errors="0" timestamp="2024-11-06T10:14:12 IST">
  <testcase classname="TestCase.TS001_CarLoanTest" name="carLoan" time="4.931"/>
  <testcase classname="TestCase.TS002_HomeLoanTest" name="homeloan" time="12.53"/>
  <testcase classname="TestCase.TS003_UiValidation" name="calcLoan" time="1.589"/>
  <testcase classname="TestCase.TS003_UiValidation" name="emiBtn" time="0.226"/>
  <testcase classname="TestCase.TS003_UiValidation" name="rInterest" time="0.699"/>
  <testcase classname="TestCase.TS003_UiValidation" name="yearLoanTenure" time="0.921"/>
  <testcase classname="TestCase.TS003_UiValidation" name="monthLoanTenure" time="0.989"/>
  <testcase classname="TestCase.TS003_UiValidation" name="amountLoan" time="2.988"/>
  <testcase classname="TestCase.TS003_UiValidation" name="tenureLoan" time="1.969"/>
</testsuite> <!-- ChromeTest -->
