<?xml version="1.0" encoding="UTF-8"?>
<!-- Generated by org.testng.reporters.JUnitXMLReporter -->
<testsuite ignored="0" hostname="LTIN514785" failures="0" tests="9" name="EdgeTest" time="74.229" errors="0" timestamp="2024-11-06T10:14:13 IST">
  <testcase classname="TestCase.TS001_CarLoanTest" name="carLoan" time="5.756"/>
  <testcase classname="TestCase.TS002_HomeLoanTest" name="homeloan" time="13.521"/>
  <testcase classname="TestCase.TS003_UiValidation" name="calcLoan" time="1.393"/>
  <testcase classname="TestCase.TS003_UiValidation" name="emiBtn" time="0.159"/>
  <testcase classname="TestCase.TS003_UiValidation" name="rInterest" time="0.641"/>
  <testcase classname="TestCase.TS003_UiValidation" name="yearLoanTenure" time="0.92"/>
  <testcase classname="TestCase.TS003_UiValidation" name="monthLoanTenure" time="1.003"/>
  <testcase classname="TestCase.TS003_UiValidation" name="amountLoan" time="2.9"/>
  <testcase classname="TestCase.TS003_UiValidation" name="tenureLoan" time="2.034"/>
</testsuite> <!-- EdgeTest -->
